job 8.1 at 2019/06/08 19:11:11
 2 files changed, 1878 deletions(-)
 6 files changed, 236423 insertions(+), 1878 deletions(-)
job 9.1 at 2019/06/08 19:15:30
job 10.1 at 2019/06/08 19:18:31
job 11.1 at 2019/06/09 12:23:16
job 12.1 at 2019/06/15 19:18:45
 4 files changed, 236423 deletions(-)
job 12.1 at 2019/06/17 13:55:52
 4 files changed, 236423 insertions(+)
job 13.1 at 2019/06/22 19:19:12
job 14.1 at 2019/06/23 17:02:48
job 15.1 at 2019/06/29 19:20:04
job 16.1 at 2019/07/06 19:20:13
job 17.1 at 2019/07/13 19:20:21
job 18.1 at 2019/07/20 19:20:43
job 19.1 at 2019/07/27 19:21:11
 7 files changed, 245135 deletions(-)
job 20.1 at 2019/08/03 19:21:49
 4 files changed, 12138 insertions(+)
job 21.1 at 2019/08/10 19:21:25
 4 files changed, 57160 insertions(+), 351 deletions(-)
job 22.1 at 2019/08/17 19:22:30
 4 files changed, 68947 deletions(-)
job 23.1 at 2019/08/24 19:23:22
 4 files changed, 179598 insertions(+)
job 24.1 at 2019/08/31 19:23:33
 5 files changed, 8361 insertions(+), 179598 deletions(-)
job 25.1 at 2019/09/07 19:24:14
 2 files changed, 48799 insertions(+), 8361 deletions(-)
job 26.1 at 2019/09/14 20:03:07
 6 files changed, 196336 insertions(+)
job 27.1 at 2019/09/21 19:25:40
 7 files changed, 245135 deletions(-)
job 28.1 at 2019/09/28 19:25:45
 7 files changed, 245135 insertions(+)
job 29.1 at 2019/10/05 19:26:24
 7 files changed, 245135 deletions(-)
job 30.1 at 2019/10/12 19:26:57
job 31.1 at 2019/10/19 19:27:27
job 32.1 at 2019/10/26 19:28:19
 5 files changed, 236509 insertions(+)
job 33.1 at 2019/11/02 19:28:43
 2 files changed, 8626 insertions(+)
job 34.1 at 2019/11/09 19:29:56
 7 files changed, 245135 deletions(-)
job 35.1 at 2019/11/16 19:30:14
 7 files changed, 245135 insertions(+)
job 36.1 at 2019/11/17 03:41:04
job 37.1 at 2019/11/23 19:31:12
 3 files changed, 16824 deletions(-)
job 38.1 at 2019/11/30 19:31:45
 4 files changed, 228311 deletions(-)
job 39.1 at 2019/12/07 19:32:28
job 40.1 at 2019/12/14 19:33:15
job 41.1 at 2019/12/21 19:33:56
job 42.1 at 2019/12/28 19:35:03
job 43.1 at 2020/01/04 19:35:19
job 44.1 at 2020/01/11 19:35:37
job 45.1 at 2020/01/18 19:36:45
job 46.1 at 2020/01/25 19:37:26
job 47.1 at 2020/02/01 19:37:41
 6 files changed, 236758 insertions(+)
job 48.1 at 2020/02/08 19:38:00
 6 files changed, 236758 deletions(-)
job 49.1 at 2020/02/15 19:38:17
job 50.1 at 2020/02/22 19:39:12
job 51.1 at 2020/02/29 19:39:30
job 52.1 at 2020/03/07 19:40:13
job 53.1 at 2020/03/14 19:40:46
job 54.1 at 2020/03/21 19:41:33
 5 files changed, 233348 insertions(+)
job 55.1 at 2020/03/28 19:42:12
 2 files changed, 11787 insertions(+)
job 56.1 at 2020/04/04 19:42:53
 5 files changed, 241460 deletions(-)
job 57.1 at 2020/04/11 19:43:05
 5 files changed, 233013 insertions(+), 3675 deletions(-)
job 58.1 at 2020/04/18 19:43:54
 4 files changed, 12122 insertions(+)
job 59.1 at 2020/04/25 19:44:49
job 60.1 at 2020/05/02 19:44:56
job 61.1 at 2020/05/09 19:44:57
job 62.1 at 2020/05/16 19:45:14
 7 files changed, 245135 deletions(-)
job 63.1 at 2020/05/23 19:45:33
 7 files changed, 245135 insertions(+)
job 64.1 at 2020/05/30 19:45:50
 7 files changed, 245135 deletions(-)
job 65.1 at 2020/06/06 19:46:49
 4 files changed, 20413 insertions(+)
job 66.1 at 2020/06/13 19:47:22
 3 files changed, 175837 insertions(+), 11787 deletions(-)
job 67.1 at 2020/06/20 19:47:42
 4 files changed, 60672 insertions(+)
job 68.1 at 2020/06/27 19:48:39
 3 files changed, 16824 deletions(-)
job 69.1 at 2020/07/04 19:49:09
 4 files changed, 8447 insertions(+), 49064 deletions(-)
job 70.1 at 2020/07/11 19:50:06
 3 files changed, 57441 insertions(+)
job 71.1 at 2020/07/18 19:51:48
 7 files changed, 245135 deletions(-)
job 72.1 at 2020/07/25 19:51:24
job 73.1 at 2020/08/01 19:52:02
job 74.1 at 2020/08/08 19:52:13
job 75.1 at 2020/08/15 19:52:31
job 76.1 at 2020/08/22 19:53:02
job 77.1 at 2020/08/29 19:53:27
job 78.1 at 2020/09/05 19:53:32
 2 files changed, 11787 insertions(+)
job 79.1 at 2020/09/12 19:53:51
 5 files changed, 233348 insertions(+)
job 80.1 at 2020/09/19 19:54:00
 4 files changed, 187710 deletions(-)
job 81.1 at 2020/09/26 19:54:41
 4 files changed, 187710 insertions(+)
job 82.1 at 2020/10/03 19:55:01
job 83.1 at 2020/10/10 19:55:25
 1 file changed, 8361 deletions(-)
job 84.1 at 2020/10/17 19:55:42
 1 file changed, 8361 insertions(+)
job 85.1 at 2020/10/24 19:56:27
 3 files changed, 8712 deletions(-)
job 86.1 at 2020/10/31 19:57:11
 2 files changed, 8361 insertions(+), 48799 deletions(-)
job 87.1 at 2020/11/07 19:57:36
 3 files changed, 49150 insertions(+)
job 88.1 at 2020/11/14 19:58:37
 7 files changed, 245135 deletions(-)
job 89.1 at 2020/11/21 20:17:25
 3 files changed, 11873 insertions(+)
job 90.1 at 2020/11/28 20:07:56
 3 files changed, 11873 deletions(-)
job 91.1 at 2020/12/05 20:08:28
 7 files changed, 245135 insertions(+)
job 92.1 at 2020/12/12 20:32:23
 7 files changed, 245135 deletions(-)
job 93.1 at 2020/12/19 20:01:32
job 94.1 at 2020/12/26 20:02:01
job 95.1 at 2021/01/02 20:02:56
 5 files changed, 233348 insertions(+)
job 96.1 at 2021/01/09 20:02:51
 2 files changed, 11787 insertions(+)
job 97.1 at 2021/01/16 20:04:10
job 98.1 at 2021/01/23 20:21:05
 3 files changed, 20148 deletions(-)
job 99.1 at 2021/01/30 21:21:36
 4 files changed, 224987 deletions(-)
job 100.1 at 2021/02/06 20:06:19
 3 files changed, 179512 insertions(+)
job 101.1 at 2021/02/13 20:06:26
job 102.1 at 2021/02/20 20:07:33
 3 files changed, 57176 insertions(+), 3410 deletions(-)
job 103.1 at 2021/02/27 20:07:01
 2 files changed, 49064 deletions(-)
job 104.1 at 2021/03/06 20:07:56
